27569
27290
23831
23708
18062
17981
17428
16275
14417
14075
13042
11987
11970
11270
11115
11034
10936
10844
10776
10508
10018
9711
9574
8818
8684
8557
8242
8186
7874
7523
7388
7245
7045
7039
6942
6887
6875
6671
6487
6456
6092
6090
6062
5912
5675
5601
5516
5351
5281
5232
5150
5105
5074
5030
5022
5011
4861
4809
4666
4648
4610
4333
4225
4132
4104
4080
4050
3947
3918
3918
3914
3883
3711
3624
3617
3615
3577
3476
3400
3381
3308
3292
3283
3211
3183
3117
3088
3084
3067
3063
3011
2975
2929
2914
2781
2769
2739
2724
2715
2707
2681
2672
2665
2617
2552
2552
2532
2476
2452
2419
2393
2359
2355
2320
2311
2308
2295
2258
2249
2233
2221
2218
2114
2093
2083
2079
2078
2069
2008
2005
2001
1996
1990
1935
1919
1896
1889
1871
1870
1865
1846
1799
1774
1772
1766
1761
1758
1752
1742
1740
1733
1721
1710
1690
1669
1650
1646
1645
1608
1606
1589
1580
1578
1577
1576
1552
1551
1548
1542
1534
1528
1521
1514
1512
1503
1482
1482
1470
1464
1462
1460
1450
1437
1424
1420
1417
1413
1410
1396
1387
1383
1380
1378
1378
1375
1373
1365
1365
1359
1345
1329
1323
1308
1308
1308
1298
1297
1295
1293
1289
1276
1272
1269
1258
1258
1256
1250
1249
1248
1241
1240
1232
1230
1224
1223
1217
1210
1203
1189
1178
1174
1174
1171
1171
1168
1166
1165
1160
1156
1149
1139
1136
1131
1129
1128
1125
1124
1122
1111
1108
1101
1082
1079
1078
1057
1049
1043
1040
1035
1034
1024
1024
1022
1019
1018
1013
1011
1001
1000
1000
994
987
985
979
975
973
969
968
947
946
940
939
938
932
931
926
923
910
908
906
904
896
895
894
888
880
878
878
875
874
874
872
870
859
853
847
840
839
835
834
833
832
831
830
830
826
824
819
816
815
814
812
806
804
799
796
795
792
789
783
782
781
780
778
778
769
769
767
758
747
743
726
726
725
725
723
722
718
717
717
716
713
709
709
707
704
704
703
698
696
696
691
691
687
687
685
681
677
676
672
672
668
667
666
666
665
663
662
661
660
654
654
646
643
635
634
632
626
624
621
620
619
616
612
604
604
602
599
594
594
592
592
591
585
585
584
583
583
583
575
572
572
571
565
565
564
563
561
560
560
560
557
555
551
550
550
549
548
546
545
539
536
531
530
529
528
528
528
526
522
522
522
522
521
516
515
515
513
511
509
505
505
505
504
503
502
499
499
498
497
494
492
491
490
488
486
486
485
485
484
478
475
475
472
469
468
467
464
462
461
461
461
459
458
456
455
454
454
453
452
451
447
447
446
445
444
443
441
438
437
437
437
436
436
435
433
433
431
430
430
428
426
425
425
424
421
420
419
419
419
419
418
415
414
414
413
412
412
412
410
410
409
409
409
406
405
403
399
398
396
396
396
396
395
389
387
387
387
386
386
385
385
384
384
383
382
382
381
380
379
379
379
377
377
377
376
376
376
375
371
371
370
370
369
368
367
367
366
361
361
361
357
356
355
355
354
354
354
353
352
351
349
348
346
344
344
344
343
342
341
340
338
338
336
335
335
332
331
331
329
329
329
329
328
327
326
325
324
323
323
323
322
322
322
321
320
318
317
317
317
312
312
311
311
311
311
311
310
310
306
306
305
305
304
303
302
302
302
301
301
300
300
299
297
297
296
296
295
294
293
293
291
291
290
290
290
289
288
288
285
285
285
284
284
284
283
283
282
279
277
277
276
275
273
272
272
270
270
270
269
267
265
264
263
261
260
259
258
258
258
258
258
257
255
255
254
254
254
253
251
249
249
249
249
248
248
248
247
247
247
246
246
246
246
246
246
245
244
244
244
242
242
242
242
241
241
240
239
239
238
238
237
237
237
236
235
235
234
234
234
233
232
231
230
230
229
228
226
226
226
226
225
225
224
224
224
223
223
222
221
221
220
220
219
218
218
218
218
217
216
215
214
214
214
214
213
212
210
210
210
209
208
208
208
207
206
206
205
205
205
204
204
204
203
203
201
201
200
200
199
198
198
198
196
194
194
194
193
190
189
188
187
187
186
185
184
184
183
183
182
182
181
180
180
180
179
179
178
175
175
175
174
173
173
173
173
173
172
172
172
172
171
171
171
171
171
170
170
170
169
169
169
169
169
168
168
167
167
167
166
166
165
165
164
164
164
163
162
162
162
161
160
160
159
159
158
158
158
157
157
156
156
155
154
153
152
152
152
151
151
151
150
150
150
150
150
149
148
148
148
146
146
145
145
145
145
144
144
144
144
144
143
143
143
143
142
142
142
141
141
140
140
139
139
138
137
137
136
136
135
135
134
133
132
132
131
131
130
130
130
130
129
129
129
129
129
128
128
127
126
126
125
124
124
124
123
122
122
122
122
121
121
121
121
121
120
120
120
119
119
119
118
117
116
115
115
115
114
111
110
110
109
109
109
109
108
108
108
108
107
107
107
106
106
105
105
104
104
104
104
103
103
103
103
103
103
102
102
101
101
100
100
100
100
100
99
99
99
98
98
97
97
97
97
97
96
96
96
96
95
95
95
95
94
94
94
93
93
92
92
91
91
90
90
90
90
90
90
89
89
89
89
89
89
88
88
88
88
87
87
87
87
86
86
86
86
86
86
86
85
85
85
85
85
84
84
84
84
84
84
84
84
83
83
83
82
82
81
81
81
81
81
81
80
80
80
79
79
79
78
78
78
77
77
77
77
77
77
76
76
76
76
75
75
75
74
74
73
73
72
71
71
71
70
70
70
70
70
69
69
69
68
68
67
67
67
67
66
66
66
65
64
64
64
64
63
63
63
63
62
62
62
62
62
62
62
61
61
60
60
60
59
59
59
58
58
58
58
58
57
57
57
56
56
56
56
55
55
55
55
54
54
53
53
52
52
52
52
52
52
52
52
52
52
51
51
51
51
50
50
50
50
50
49
48
48
48
48
47
47
47
46
46
46
46
46
46
46
45
44
44
44
44
43
43
43
43
43
43
42
42
42
42
42
42
42
42
42
42
42
41
41
41
41
41
41
41
41
40
40
40
40
40
39
39
39
39
39
39
38
38
38
38
38
38
38
37
37
37
37
36
36
36
36
36
36
36
35
35
35
35
35
34
34
34
34
33
33
33
33
33
32
32
32
32
32
32
31
31
31
31
31
30
30
30
30
30
29
29
29
29
28
28
28
28
28
28
28
27
27
27
27
27
27
27
26
26
26
26
26
26
26
26
25
25
25
25
25
25
25
25
25
25
25
25
24
24
24
24
24
24
24
23
23
23
23
23
23
22
22
22
22
22
22
22
22
22
21
21
21
21
21
21
21
21
20
20
20
20
20
20
19
19
19
19
19
19
18
18
18
18
18
18
18
17
17
17
17
17
17
16
16
16
16
16
16
16
15
15
15
15
15
15
15
15
15
14
14
14
14
14
13
13
13
13
13
13
13
12
12
12
12
12
12
12
11
11
11
11
11
11
10
10
10
10
10
10
10
10
10
10
10
10
10
10
10
10
10
10
10
10
10
10
10
10
10
10
10
10
10
10
10
10
9
9
9
9
9
9
9
9
9
9
9
9
9
9
9
8
8
8
8
8
7
7
7
7
7
7
7
7
7
7
7
7
6
6
6
6
6
6
6
6
6
6
6
6
5
5
5
5
5
5
5
5
5
5
5
5
5
5
5
5
5
5
5
5
5
5
5
5
4
4
3
3
3
3
3
3
3
2
2
2
2
2
2
2
2
2
2
2
1
1
1
1
1
1
1
1
1
